<?xml version="1.0" encoding="UTF-8"?>
<testsuites name="jest tests" tests="2" failures="0" errors="0" time="8.754">
  <testsuite name="AddProfessorForm" errors="0" failures="0" skipped="0" timestamp="2025-07-21T07:15:11" time="4.661" tests="2">
    <testcase classname="AddProfessorForm renders Add Professor Form correctly under initail route" name="AddProfessorForm renders Add Professor Form correctly under initail route" time="0.087">
    </testcase>
    <testcase classname="AddProfessorForm calls addProfessor and updates professors list upon successful form submission" name="AddProfessorForm calls addProfessor and updates professors list upon successful form submission" time="0.181">
    </testcase>
  </testsuite>
</testsuites>