<?xml version="1.0" encoding="UTF-8"?>
<testsuites name="jest tests" tests="2" failures="0" errors="0" time="7.612">
  <testsuite name="undefined" errors="0" failures="0" skipped="0" timestamp="2025-07-17T05:32:39" time="3.624" tests="2">
    <testcase classname=" submitting valid form navigates to welcome page" name=" submitting valid form navigates to welcome page" time="0.046">
    </testcase>
    <testcase classname=" submitting invalid loan amount displays error message" name=" submitting invalid loan amount displays error message" time="0.012">
    </testcase>
  </testsuite>
</testsuites>